MIIGwAIBAzCCBnoGCSqGSIb3DQEHAaCCBmsEggZnMIIGYzCCAygGCSqGSIb3DQEH
AaCCAxkEggMVMIIDETCCAw0GCyqGSIb3DQEMCgECoIICsjCCAq4wKAYKKoZIhvcN
AQwBAzAaBBQbVz0jv6Yjn4BXxBdzd3Jf7GrV+AICBAAEggKAa78XgXwDe9aIJRkx
AP0H63yX57IMVaOk1SfvtKH2bv8fdi8p3OU8IAfNERaIz9H/F8W9d8f+OZFxfs5K
UC2TnVOtWrWGKqva6nMM3YB53zm36S7Toe4vDpJWXETRHI7Q9tIdnqK9aPuxurv7
uJ3chd/cM5ufZ3t5B5xJ/+V4+ms43LmLrYJ/w+6lXuJ04ce6ZU4G62aEiyztt4Kg
axsPeCqwO9fJL6p5NBB7YeXWZpXv3/z8C5wmg3TJKyKZqk2lWL1Lz2zovfTn9KsN
l+VQ0ejA82nk6R4r43va+qTtSWuMC9v8qvdKwODtn0WEK5DPBIvFnzhQYYHuKnep
pingEfPnKQotJM/pxfyGtUlIF2lLT4LmP1xHO20HU7Hv8IpE11is9d2jnXv36NkH
g94qX0xZLRj/eBjZmm4ex9q0jgJgkabgyrVDCa+IobfkovufwFRNk9a3cpHDRK+z
Uv4Z+z031arCW47opi3vy2wzGjoOr2EUUXCajT9doQpyzEVIAf+5Lmz9DzBugFft
guck5JutGPjviNT8S7DixZhr9qBsP/tgPyZsZPt9RNvV16DbfG8Pg/EaSb6h06/5
rz5hf8XnJ+ws39sZI17oBqtxgnz+hGMGwvE5nS+FSx/wWYHxSnq7RZ4ZcT64nGqz
ENjYyJlOY9yurXzf4PEjxdqNnwln+vBftOa2UCi2JcEaV8XASJqrVQmdcr/goEWf
SAuhki4gpDp2N7rga1NZOxOH4MnueuMu82IlCBVAbtjNKPH4wM9yug8zOVFe75nD
vtkDiDsGiNna7HluGJqa8M4vxZ0i5JIAE5GHj6GEBm/ioEVtTf6Be6ScrPSRpWAZ
7psMzTFIMCMGCSqGSIb3DQEJFDEWHhQAcAByAGkAdgBhAHQAZQBrAGUAeTAhBgkq
hkiG9w0BCRUxFAQSVGltZSAxNDMzNzk0MzAwNjk3MIIDMwYJKoZIhvcNAQcGoIID
JDCCAyACAQAwggMZBgkqhkiG9w0BBwEwKAYKKoZIhvcNAQwBBjAaBBRWiOJZ0zI8
9LIrlHf178uUNyz47wICBACAggLgYFbFwA8lBcrsAQEq7fyGw1KYoHSrhhza7I8W
/hG4fPC9fSvyBDummUt6M0k1Wmq4pvABj/d3IXU0ASruRsYIN4HPaHaPdo0U9fSG
+kZfbWTr+/NQcyM189IwaqkybdXRIFXLU5R3+btEVmzPCy9ct6xC3c6cnecdc9A0
4OWswjLn2dOUuIUrHhDII56KYWTVC15X4yoS38thKKb7kKfxS9PS0YlFVMQ/UGI7
5EHITf9UZ1S3NnENuGfCY4V/3779q01p8QkhUmS9nvVADUqkLsw3J/ThAMIrFm/W
OQTPsheClblnKSeiErHObQq+G2PWdnAhaCiib+ubl+NkbGifTH02jXMbCJFdtr5z
jQ0DM0uB9QlzDepymmgYhG127IZU7n+N10EQS3bWyxb1eQVxGpX+9taK6Vb8ZneW
EJJXuL47hNQaoGk2qwqFwT9Y8eZPgLs8YNDtdSljiOZ31pZVOFo8NwRyjGgr6gCz
Lm845LIQkN2iRdgKE3O/B2O8dyXvf0OwkSQZVPbsI9/0H9kgAsjw+bS94nr7Ab+t
Ib/w/rmAlLoPbIMKLXv9ICTd55r4hSwRkaTiRGjdOsK1H+yjeag35gOuPIzsn8Nk
44P/So+DrTYFo/2HW+IGaoyrA+Xm5ueQQljzytzA0nROKtTg4fHpFNk53xQSSNcU
qIFaDQe3/tDAIQa1LX97YPathu7k1tmC9fd0Ve7LkYLV2auc8lxBpU+HpVtasSdF
IAN44hcodpcfl9hiOAV5idiWO3dyBcnhMprZHOk0UfXYCet0YrHiurTqPsR5AKKX
E0S6wwU4z/a40oY0mcG5HsLEPYBwDiqrOWwduPoB1JTwpAOFGcO0g20P89Emd7MO
ix3/FT/hinwWxyOSYJ6LU1za6idUUg6kD30dus3v33/MLEAwV92PHq6pgeMMmu+9
RBW4Rn4SXCNVm5ZEqDCChHox+FKciZJ03j2UDQueDeYAjyf4VjA9MCEwCQYFKw4D
AhoFAAQU43Y9opqUfVr+XHZhWPHxdXFxYkgEFMCR2m05saESDrXq2Os+ubTivKOl
AgIEAA==
